<?xml version="1.0" encoding="UTF-8"?>
<!-- Generated by org.testng.reporters.JUnitReportReporter -->
<testsuite hostname="LAPTOP-TT6V99FI" failures="0" tests="7" name="InvalidLogInTestCases" time="10.760" errors="0" timestamp="10 sep 2019 17:51:18 GMT" skipped="0">
  <testcase classname="InvalidLogInTestCases" name="emptyEmailAndPassword" time="1.178"/>
  <testcase classname="InvalidLogInTestCases" name="emptyPassword" time="1.246"/>
  <testcase classname="InvalidLogInTestCases" name="wrongEmail" time="1.147"/>
  <testcase classname="InvalidLogInTestCases" name="invalidEmail" time="1.333"/>
  <testcase classname="InvalidLogInTestCases" name="invalidPassword" time="1.144"/>
  <testcase classname="InvalidLogInTestCases" name="emptyEmail" time="2.962"/>
  <testcase classname="InvalidLogInTestCases" name="wrongPassword" time="1.750"/>
</testsuite> <!-- InvalidLogInTestCases -->
