<?xml version="1.0" encoding="UTF-8"?>
<!-- Generated by org.testng.reporters.JUnitReportReporter -->
<testsuite hostname="LAPTOP-TT6V99FI" failures="0" tests="1" name="ValidLogInTestCase" time="2.791" errors="0" timestamp="10 sep 2019 17:45:10 GMT" skipped="0">
  <testcase classname="ValidLogInTestCase" name="validLogIn" time="2.791"/>
</testsuite> <!-- ValidLogInTestCase -->
